{
  "0 debug pnpm:scope": {
    "selected": 1
  },
  "1 error pnpm": {
    "code": "ELIFECYCLE",
    "errno": "ENOENT",
    "syscall": "spawn",
    "file": "sh",
    "pkgid": "e2e@1.0.0",
    "stage": "clean",
    "script": "scripty",
    "pkgname": "e2e",
    "err": {
      "name": "pnpm",
      "message": "e2e@1.0.0 clean: `scripty`\nspawn ENOENT",
      "code": "ELIFECYCLE",
      "stack": "pnpm: e2e@1.0.0 clean: `scripty`\nspawn ENOENT\n    at ChildProcess.<anonymous> (/usr/local/Cellar/node@16/16.13.1_1/lib/node_modules/pnpm/dist/pnpm.cjs:93293:22)\n    at ChildProcess.emit (node:events:390:28)\n    at maybeClose (node:internal/child_process:1064:16)\n    at Process.ChildProcess._handle.onexit (node:internal/child_process:301:5)"
    }
  },
  "2 warn pnpm:global": " Local package.json exists, but node_modules missing, did you mean to install?"
}